#
# There is insufficient memory for the Java Runtime Environment to continue.
# Native memory allocation (malloc) failed to allocate 32744 bytes for ChunkPool::allocate
# Possible reasons:
#   The system is out of physical RAM or swap space
#   The process is running with CompressedOops enabled, and the Java Heap may be blocking the growth of the native heap
# Possible solutions:
#   Reduce memory load on the system
#   Increase physical memory or swap space
#   Check if swap backing store is full
#   Decrease Java heap size (-Xmx/-Xms)
#   Decrease number of Java threads
#   Decrease Java thread stack sizes (-Xss)
#   Set larger code cache with -XX:ReservedCodeCacheSize=
#   JVM is running with Zero Based Compressed Oops mode in which the Java heap is
#     placed in the first 32GB address space. The Java Heap base address is the
#     maximum limit for the native heap growth. Please use -XX:HeapBaseMinAddress
#     to set the Java Heap base and to place the Java Heap above 32GB virtual address.
# This output file may be truncated or incomplete.
#
#  Out of Memory Error (allocation.cpp:272), pid=19288, tid=0x0000000000009154
#
# JRE version: Java(TM) SE Runtime Environment (8.0_251-b08) (build 1.8.0_251-b08)
# Java VM: Java HotSpot(TM) 64-Bit Server VM (25.251-b08 mixed mode windows-amd64 compressed oops)
# Failed to write core dump. Minidumps are not enabled by default on client versions of Windows
#

---------------  T H R E A D  ---------------

Current thread (0x0000000022e9b000):  JavaThread "JavaFX Application Thread" [_thread_in_vm, id=37204, stack(0x00000000233c0000,0x00000000234c0000)]

Stack: [0x00000000233c0000,0x00000000234c0000]
[error occurred during error reporting (printing stack bounds), id 0xc0000005]

Native frames: (J=compiled Java code, j=interpreted, Vv=VM code, C=native code)

Java frames: (J=compiled Java code, j=interpreted, Vv=VM code)
j  com.sun.javafx.tk.quantum.ViewScene.<init>(ZZ)V+20
j  com.sun.javafx.tk.quantum.WindowStage.createTKScene(ZZLjava/security/AccessControlContext;)Lcom/sun/javafx/tk/TKScene;+6
j  javafx.scene.Scene.impl_initPeer()V+98
j  javafx.stage.Window$9.invalidated()V+211
j  javafx.beans.property.BooleanPropertyBase.markInvalid()V+13
j  javafx.beans.property.BooleanPropertyBase.set(Z)V+106
j  javafx.stage.Window.setShowing(Z)V+11
j  javafx.stage.Window.show()V+2
j  javafx.stage.Stage.show()V+1
j  gui_space_wire.Main.start(Ljavafx/stage/Stage;)V+197
j  com.sun.javafx.application.LauncherImpl.lambda$launchApplication1$8(Ljava/util/concurrent/atomic/AtomicBoolean;Ljavafx/application/Application;)V+20
j  com.sun.javafx.application.LauncherImpl$$Lambda$55.run()V+8
j  com.sun.javafx.application.PlatformImpl.lambda$runAndWait$7(Ljava/lang/Runnable;Ljava/util/concurrent/CountDownLatch;)V+1
j  com.sun.javafx.application.PlatformImpl$$Lambda$47.run()V+8
j  com.sun.javafx.application.PlatformImpl.lambda$null$5(Ljava/lang/Runnable;)Ljava/lang/Void;+1
j  com.sun.javafx.application.PlatformImpl$$Lambda$50.run()Ljava/lang/Object;+4
v  ~StubRoutines::call_stub
j  java.security.AccessController.doPrivileged(Ljava/security/PrivilegedAction;Ljava/security/AccessControlContext;)Ljava/lang/Object;+0
j  com.sun.javafx.application.PlatformImpl.lambda$runLater$6(Ljava/lang/Runnable;Ljava/security/AccessControlContext;)V+7
j  com.sun.javafx.application.PlatformImpl$$Lambda$48.run()V+8
j  com.sun.glass.ui.InvokeLaterDispatcher$Future.run()V+4
v  ~StubRoutines::call_stub
j  com.sun.glass.ui.win.WinApplication._runLoop(Ljava/lang/Runnable;)V+0
j  com.sun.glass.ui.win.WinApplication.lambda$null$4(ILjava/lang/Runnable;)V+8
j  com.sun.glass.ui.win.WinApplication$$Lambda$38.run()V+12
j  java.lang.Thread.run()V+11
v  ~StubRoutines::call_stub

---------------  P R O C E S S  ---------------

Java Threads: ( => current thread )
  0x0000000021f08000 JavaThread "JavaFX-Launcher" [_thread_blocked, id=41912, stack(0x0000000029060000,0x0000000029160000)]
  0x0000000021c1d000 JavaThread "Thread-2" daemon [_thread_in_native, id=28216, stack(0x0000000028f60000,0x0000000029060000)]
=>0x0000000022e9b000 JavaThread "JavaFX Application Thread" [_thread_in_vm, id=37204, stack(0x00000000233c0000,0x00000000234c0000)]
  0x0000000021ab9000 JavaThread "Thread-1" daemon [_thread_blocked, id=41592, stack(0x0000000024b60000,0x0000000024c60000)]
  0x000000002165c800 JavaThread "QuantumRenderer-0" daemon [_thread_blocked, id=2200, stack(0x0000000022180000,0x0000000022280000)]
  0x0000000020223800 JavaThread "Service Thread" daemon [_thread_blocked, id=40412, stack(0x0000000020d40000,0x0000000020e40000)]
  0x0000000020199800 JavaThread "C1 CompilerThread3" daemon [_thread_blocked, id=41204, stack(0x0000000020c40000,0x0000000020d40000)]
  0x0000000020196800 JavaThread "C2 CompilerThread2" daemon [_thread_in_native, id=40556, stack(0x0000000020b40000,0x0000000020c40000)]
  0x000000001e80a800 JavaThread "C2 CompilerThread1" daemon [_thread_in_native, id=41416, stack(0x0000000020a40000,0x0000000020b40000)]
  0x000000001e80a000 JavaThread "C2 CompilerThread0" daemon [_thread_blocked, id=21712, stack(0x0000000020940000,0x0000000020a40000)]
  0x000000001e524000 JavaThread "JDWP Command Reader" daemon [_thread_in_native, id=18660, stack(0x0000000020040000,0x0000000020140000)]
  0x000000001e51f000 JavaThread "JDWP Event Helper Thread" daemon [_thread_blocked, id=41428, stack(0x000000001ff40000,0x0000000020040000)]
  0x000000001e519800 JavaThread "JDWP Transport Listener: dt_socket" daemon [_thread_blocked, id=41208, stack(0x000000001fe40000,0x000000001ff40000)]
  0x000000001e4c1000 JavaThread "Attach Listener" daemon [_thread_blocked, id=12260, stack(0x000000001fa00000,0x000000001fb00000)]
  0x000000001e50f800 JavaThread "Signal Dispatcher" daemon [_thread_blocked, id=2712, stack(0x000000001f900000,0x000000001fa00000)]
  0x000000001cdc4000 JavaThread "Finalizer" daemon [_thread_blocked, id=41760, stack(0x000000001f700000,0x000000001f800000)]
  0x000000001cdbd000 JavaThread "Reference Handler" daemon [_thread_blocked, id=31760, stack(0x000000001f600000,0x000000001f700000)]
  0x0000000003106800 JavaThread "main" [_thread_blocked, id=41888, stack(0x0000000002df0000,0x0000000002ef0000)]

Other Threads:
  0x00000000031fd000 VMThread [stack: 0x000000001f500000,0x000000001f600000] [id=41792]
  0x00000000202aa800 WatcherThread [stack: 0x0000000020e40000,0x0000000020f40000] [id=26608]

VM state:not at safepoint (normal execution)

VM Mutex/Monitor currently owned by a thread: None

heap address: 0x00000006c2400000, size: 4060 MB, Compressed Oops mode: Zero based, Oop shift amount: 3
Narrow klass base: 0x0000000000000000, Narrow klass shift: 3
Compressed class space size: 1073741824 Address: 0x00000007c0000000

Heap:
 PSYoungGen      total 75776K, used 7830K [0x000000076b700000, 0x0000000770b80000, 0x00000007c0000000)
  eden space 65024K, 6% used [0x000000076b700000,0x000000076bb5d9a0,0x000000076f680000)
  from space 10752K, 31% used [0x000000076f680000,0x000000076f9c7f88,0x0000000770100000)
  to   space 10752K, 0% used [0x0000000770100000,0x0000000770100000,0x0000000770b80000)
 ParOldGen       total 173568K, used 16K [0x00000006c2400000, 0x00000006ccd80000, 0x000000076b700000)
  object space 173568K, 0% used [0x00000006c2400000,0x00000006c2404000,0x00000006ccd80000)
 Metaspace       used 11664K, capacity 12084K, committed 12416K, reserved 1060864K
  class space    used 1443K, capacity 1570K, committed 1664K, reserved 1048576K

Card table byte_map: [0x00000000125c0000,0x0000000012db0000] byte_map_base: 0x000000000efae000

Marking Bits: (ParMarkBitMap*) 0x000000005e12af90
 Begin Bits: [0x0000000013d00000, 0x0000000017c70000)
 End Bits:   [0x0000000017c70000, 0x000000001bbe0000)

Polling page: 0x0000000002d10000

CodeCache: size=245760Kb used=4716Kb max_used=4716Kb free=241043Kb
 bounds [0x0000000003200000, 0x00000000036a0000, 0x0000000012200000]
 total_blobs=1392 nmethods=866 adapters=447
 compilation: enabled

Compilation events (10 events):
Event: 5.614 Thread 0x0000000020199800 nmethod 861 0x0000000003697650 code [0x0000000003697900, 0x0000000003698af8]
Event: 5.614 Thread 0x0000000020199800  864       3       jdk.internal.org.objectweb.asm.Type::getDescriptor (18 bytes)
Event: 5.614 Thread 0x0000000020199800 nmethod 864 0x000000000368a250 code [0x000000000368a3e0, 0x000000000368a838]
Event: 5.618 Thread 0x0000000020199800  865       3       org.eclipse.jdt.launching.internal.org.objectweb.asm.SymbolTable$Entry::<init> (20 bytes)
Event: 5.619 Thread 0x0000000020199800 nmethod 865 0x0000000003689e10 code [0x0000000003689f80, 0x000000000368a168]
Event: 5.619 Thread 0x0000000020199800  866       3       org.eclipse.jdt.launching.internal.org.objectweb.asm.MethodWriter::visitSwitchInsn (174 bytes)
Event: 5.620 Thread 0x0000000020199800 nmethod 866 0x0000000003699410 code [0x0000000003699660, 0x000000000369a318]
Event: 5.620 Thread 0x000000001e80a800  867       4       org.eclipse.jdt.launching.internal.org.objectweb.asm.ClassWriter::toByteArray (1281 bytes)
Event: 5.624 Thread 0x0000000020199800  868       1       java.lang.reflect.Constructor::getDeclaringClass (5 bytes)
Event: 5.624 Thread 0x0000000020199800 nmethod 868 0x000000000369d250 code [0x000000000369d3a0, 0x000000000369d4b0]

GC Heap History (2 events):
Event: 4.965 GC heap before
{Heap before GC invocations=1 (full 0):
 PSYoungGen      total 75776K, used 65024K [0x000000076b700000, 0x0000000770b80000, 0x00000007c0000000)
  eden space 65024K, 100% used [0x000000076b700000,0x000000076f680000,0x000000076f680000)
  from space 10752K, 0% used [0x0000000770100000,0x0000000770100000,0x0000000770b80000)
  to   space 10752K, 0% used [0x000000076f680000,0x000000076f680000,0x0000000770100000)
 ParOldGen       total 173568K, used 0K [0x00000006c2400000, 0x00000006ccd80000, 0x000000076b700000)
  object space 173568K, 0% used [0x00000006c2400000,0x00000006c2400000,0x00000006ccd80000)
 Metaspace       used 11273K, capacity 11656K, committed 11776K, reserved 1058816K
  class space    used 1403K, capacity 1534K, committed 1536K, reserved 1048576K
Event: 4.969 GC heap after
Heap after GC invocations=1 (full 0):
 PSYoungGen      total 75776K, used 3359K [0x000000076b700000, 0x0000000770b80000, 0x00000007c0000000)
  eden space 65024K, 0% used [0x000000076b700000,0x000000076b700000,0x000000076f680000)
  from space 10752K, 31% used [0x000000076f680000,0x000000076f9c7f88,0x0000000770100000)
  to   space 10752K, 0% used [0x0000000770100000,0x0000000770100000,0x0000000770b80000)
 ParOldGen       total 173568K, used 16K [0x00000006c2400000, 0x00000006ccd80000, 0x000000076b700000)
  object space 173568K, 0% used [0x00000006c2400000,0x00000006c2404000,0x00000006ccd80000)
 Metaspace       used 11273K, capacity 11656K, committed 11776K, reserved 1058816K
  class space    used 1403K, capacity 1534K, committed 1536K, reserved 1048576K
}

Deoptimization events (9 events):
Event: 1.594 Thread 0x0000000003106800 Uncommon trap: reason=unstable_if action=reinterpret pc=0x00000000033eab58 method=org.eclipse.jdt.launching.internal.org.objectweb.asm.ClassReader.readUtf(II[C)Ljava/lang/String; @ 41
Event: 1.594 Thread 0x0000000003106800 Uncommon trap: reason=unstable_if action=reinterpret pc=0x000000000343788c method=org.eclipse.jdt.launching.internal.org.objectweb.asm.ByteVector.putUTF8(Ljava/lang/String;)Lorg/eclipse/jdt/launching/internal/org/objectweb/asm/ByteVector; @ 100
Event: 1.594 Thread 0x0000000003106800 Uncommon trap: reason=unstable_if action=reinterpret pc=0x00000000033e55b0 method=org.eclipse.jdt.launching.internal.org.objectweb.asm.ClassReader.readUtf(II[C)Ljava/lang/String; @ 41
Event: 1.594 Thread 0x0000000003106800 Uncommon trap: reason=unstable_if action=reinterpret pc=0x00000000033e25b4 method=org.eclipse.jdt.launching.internal.org.objectweb.asm.ByteVector.putUTF8(Ljava/lang/String;)Lorg/eclipse/jdt/launching/internal/org/objectweb/asm/ByteVector; @ 100
Event: 4.626 Thread 0x0000000022e9b000 Uncommon trap: reason=unstable_if action=reinterpret pc=0x00000000034fc94c method=org.eclipse.jdt.launching.internal.org.objectweb.asm.ClassReader.readCode(Lorg/eclipse/jdt/launching/internal/org/objectweb/asm/MethodVisitor;Lorg/eclipse/jdt/launching/inte
Event: 4.813 Thread 0x0000000022e9b000 Uncommon trap: reason=unstable_if action=reinterpret pc=0x000000000349b594 method=org.eclipse.jdt.launching.internal.org.objectweb.asm.SymbolTable.addConstantUtf8Reference(ILjava/lang/String;)Lorg/eclipse/jdt/launching/internal/org/objectweb/asm/Symbol; @
Event: 4.813 Thread 0x0000000022e9b000 Uncommon trap: reason=unstable_if action=reinterpret pc=0x00000000034d2f3c method=org.eclipse.jdt.launching.internal.org.objectweb.asm.SymbolTable.addConstantUtf8(Ljava/lang/String;)I @ 40
Event: 4.813 Thread 0x0000000022e9b000 Uncommon trap: reason=unstable_if action=reinterpret pc=0x000000000349f3bc method=org.eclipse.jdt.launching.internal.org.objectweb.asm.ByteVector.putUTF8(Ljava/lang/String;)Lorg/eclipse/jdt/launching/internal/org/objectweb/asm/ByteVector; @ 93
Event: 4.813 Thread 0x0000000022e9b000 Uncommon trap: reason=unstable_if action=reinterpret pc=0x000000000355c9c8 method=org.eclipse.jdt.launching.internal.org.objectweb.asm.ByteVector.encodeUtf8(Ljava/lang/String;II)Lorg/eclipse/jdt/launching/internal/org/objectweb/asm/ByteVector; @ 30

Classes redefined (0 events):
No events

Internal exceptions (10 events):
Event: 0.040 Thread 0x0000000003106800 Exception <a 'java/lang/NoSuchMethodError': Method sun.misc.Unsafe.prefetchRead(Ljava/lang/Object;J)V name or signature does not match> (0x000000076b707fa8) thrown at [C:\jenkins\workspace\8-2-build-windows-amd64-cygwin\jdk8u251\737\hotspot\src\share\vm\p
Event: 0.937 Thread 0x0000000003106800 Exception <a 'java/lang/NoSuchFieldError': method resolution failed> (0x000000076c371438) thrown at [C:\jenkins\workspace\8-2-build-windows-amd64-cygwin\jdk8u251\737\hotspot\src\share\vm\prims\methodHandles.cpp, line 1167]
Event: 0.942 Thread 0x0000000003106800 Exception <a 'java/lang/NoSuchFieldError': method resolution failed> (0x000000076c37eff8) thrown at [C:\jenkins\workspace\8-2-build-windows-amd64-cygwin\jdk8u251\737\hotspot\src\share\vm\prims\methodHandles.cpp, line 1167]
Event: 0.957 Thread 0x0000000003106800 Exception <a 'java/security/PrivilegedActionException'> (0x000000076c41b270) thrown at [C:\jenkins\workspace\8-2-build-windows-amd64-cygwin\jdk8u251\737\hotspot\src\share\vm\prims\jvm.cpp, line 1502]
Event: 0.957 Thread 0x0000000003106800 Exception <a 'java/security/PrivilegedActionException'> (0x000000076c41b480) thrown at [C:\jenkins\workspace\8-2-build-windows-amd64-cygwin\jdk8u251\737\hotspot\src\share\vm\prims\jvm.cpp, line 1502]
Event: 0.958 Thread 0x0000000003106800 Exception <a 'java/security/PrivilegedActionException'> (0x000000076c41f390) thrown at [C:\jenkins\workspace\8-2-build-windows-amd64-cygwin\jdk8u251\737\hotspot\src\share\vm\prims\jvm.cpp, line 1502]
Event: 0.958 Thread 0x0000000003106800 Exception <a 'java/security/PrivilegedActionException'> (0x000000076c41f5a0) thrown at [C:\jenkins\workspace\8-2-build-windows-amd64-cygwin\jdk8u251\737\hotspot\src\share\vm\prims\jvm.cpp, line 1502]
Event: 0.958 Thread 0x0000000003106800 Exception <a 'java/lang/NullPointerException'> (0x000000076c41ff88) thrown at [C:\jenkins\workspace\8-2-build-windows-amd64-cygwin\jdk8u251\737\hotspot\src\share\vm\interpreter\linkResolver.cpp, line 1185]
Event: 4.719 Thread 0x0000000022e9b000 Exception <a 'java/lang/NullPointerException'> (0x000000076e4a1d28) thrown at [C:\jenkins\workspace\8-2-build-windows-amd64-cygwin\jdk8u251\737\hotspot\src\share\vm\interpreter\linkResolver.cpp, line 1185]
Event: 4.719 Thread 0x0000000022e9b000 Exception <a 'java/lang/NullPointerException'> (0x000000076e4a1d28) thrown at [C:\jenkins\workspace\8-2-build-windows-amd64-cygwin\jdk8u251\737\hotspot\src\share\vm\prims\jvm.cpp, line 1506]

Events (10 events):
Event: 5.621 loading class com/sun/javafx/tk/quantum/SceneState
Event: 5.621 loading class com/sun/javafx/tk/quantum/SceneState done
Event: 5.622 loading class com/sun/prism/PresentableState
Event: 5.622 loading class com/sun/prism/PresentableState done
Event: 5.623 loading class com/sun/glass/ui/View$1
Event: 5.623 loading class com/sun/glass/ui/View$1 done
Event: 5.623 loading class com/sun/glass/ui/View$2
Event: 5.623 loading class com/sun/glass/ui/View$2 done
Event: 5.624 loading class java/util/regex/Pattern$GroupTail
Event: 5.624 loading class java/util/regex/Pattern$GroupTail done


Dynamic libraries:
0x00007ff616730000 - 0x00007ff616767000 	C:\Program Files\Java\jdk1.8.0_251\bin\javaw.exe
0x00007ffcfe530000 - 0x00007ffcfe728000 	C:\WINDOWS\SYSTEM32\ntdll.dll
0x00007ffcfdfc0000 - 0x00007ffcfe07d000 	C:\WINDOWS\System32\KERNEL32.DLL
0x00007ffcfbf10000 - 0x00007ffcfc1e2000 	C:\WINDOWS\System32\KERNELBASE.dll
0x00007ffcfce70000 - 0x00007ffcfcf1e000 	C:\WINDOWS\System32\ADVAPI32.dll
0x00007ffcfcd40000 - 0x00007ffcfcdde000 	C:\WINDOWS\System32\msvcrt.dll
0x00007ffcfc800000 - 0x00007ffcfc89c000 	C:\WINDOWS\System32\sechost.dll
0x00007ffcfcf50000 - 0x00007ffcfd075000 	C:\WINDOWS\System32\RPCRT4.dll
0x00007ffcfd7d0000 - 0x00007ffcfd96d000 	C:\WINDOWS\System32\USER32.dll
0x00007ffcfbe70000 - 0x00007ffcfbe92000 	C:\WINDOWS\System32\win32u.dll
0x00007ffcfcf20000 - 0x00007ffcfcf4b000 	C:\WINDOWS\System32\GDI32.dll
0x00007ffcfc1f0000 - 0x00007ffcfc2ff000 	C:\WINDOWS\System32\gdi32full.dll
0x00007ffcfbdd0000 - 0x00007ffcfbe6d000 	C:\WINDOWS\System32\msvcp_win.dll
0x00007ffcfc3b0000 - 0x00007ffcfc4b0000 	C:\WINDOWS\System32\ucrtbase.dll
0x00007ffcdd690000 - 0x00007ffcdd92a000 	C:\WINDOWS\WinSxS\amd64_microsoft.windows.common-controls_6595b64144ccf1df_6.0.19041.1110_none_60b5254171f9507e\COMCTL32.dll
0x00007ffcfcde0000 - 0x00007ffcfce10000 	C:\WINDOWS\System32\IMM32.DLL
0x000000005d250000 - 0x000000005d322000 	C:\Program Files\Java\jdk1.8.0_251\jre\bin\msvcr100.dll
0x000000005d900000 - 0x000000005e1ab000 	C:\Program Files\Java\jdk1.8.0_251\jre\bin\server\jvm.dll
0x00007ffcfc790000 - 0x00007ffcfc798000 	C:\WINDOWS\System32\PSAPI.DLL
0x00007ffcf51f0000 - 0x00007ffcf5217000 	C:\WINDOWS\SYSTEM32\WINMM.dll
0x00007ffcf04f0000 - 0x00007ffcf04f9000 	C:\WINDOWS\SYSTEM32\WSOCK32.dll
0x00007ffcf4620000 - 0x00007ffcf462a000 	C:\WINDOWS\SYSTEM32\VERSION.dll
0x00007ffcfccd0000 - 0x00007ffcfcd3b000 	C:\WINDOWS\System32\WS2_32.dll
0x00007ffcf7180000 - 0x00007ffcf718f000 	C:\Program Files\Java\jdk1.8.0_251\jre\bin\verify.dll
0x00007ffcc5c30000 - 0x00007ffcc5c59000 	C:\Program Files\Java\jdk1.8.0_251\jre\bin\java.dll
0x00007ffcee6b0000 - 0x00007ffcee6e5000 	C:\Program Files\Java\jdk1.8.0_251\jre\bin\jdwp.dll
0x00007ffcf7100000 - 0x00007ffcf7108000 	C:\Program Files\Java\jdk1.8.0_251\jre\bin\npt.dll
0x00007ffceead0000 - 0x00007ffceeaf3000 	C:\Program Files\Java\jdk1.8.0_251\jre\bin\instrument.dll
0x00007ffcf38d0000 - 0x00007ffcf38e6000 	C:\Program Files\Java\jdk1.8.0_251\jre\bin\zip.dll
0x00007ffcfd080000 - 0x00007ffcfd7c3000 	C:\WINDOWS\System32\SHELL32.dll
0x00007ffcf9a10000 - 0x00007ffcfa1a1000 	C:\WINDOWS\SYSTEM32\windows.storage.dll
0x00007ffcfc8a0000 - 0x00007ffcfcbf4000 	C:\WINDOWS\System32\combase.dll
0x00007ffcfb6a0000 - 0x00007ffcfb6d0000 	C:\WINDOWS\SYSTEM32\Wldp.dll
0x00007ffcfdbd0000 - 0x00007ffcfdc7d000 	C:\WINDOWS\System32\SHCORE.dll
0x00007ffcfdc80000 - 0x00007ffcfdcd5000 	C:\WINDOWS\System32\shlwapi.dll
0x00007ffcfbb80000 - 0x00007ffcfbb9f000 	C:\WINDOWS\SYSTEM32\profapi.dll
0x00007ffcf70f0000 - 0x00007ffcf70f9000 	C:\Program Files\Java\jdk1.8.0_251\jre\bin\dt_socket.dll
0x00007ffcd20a0000 - 0x00007ffcd20b7000 	C:\WINDOWS\system32\napinsp.dll
0x00007ffcd2080000 - 0x00007ffcd209b000 	C:\WINDOWS\system32\pnrpnsp.dll
0x00007ffcf6560000 - 0x00007ffcf6575000 	C:\WINDOWS\system32\wshbth.dll
0x00007ffcf6ef0000 - 0x00007ffcf6f0d000 	C:\WINDOWS\system32\NLAapi.dll
0x00007ffcfb0a0000 - 0x00007ffcfb0db000 	C:\WINDOWS\SYSTEM32\IPHLPAPI.DLL
0x00007ffcfb400000 - 0x00007ffcfb46a000 	C:\WINDOWS\System32\mswsock.dll
0x00007ffcfb0e0000 - 0x00007ffcfb1aa000 	C:\WINDOWS\SYSTEM32\DNSAPI.dll
0x00007ffcfc780000 - 0x00007ffcfc788000 	C:\WINDOWS\System32\NSI.dll
0x00007ffcd2000000 - 0x00007ffcd2012000 	C:\WINDOWS\System32\winrnr.dll
0x000000005f7d0000 - 0x000000005f7da000 	C:\Program Files\National Instruments\Shared\mDNS Responder\nimdnsNSP.dll
0x000000005f7c0000 - 0x000000005f7d0000 	C:\WINDOWS\SYSTEM32\nimdnsResponder.dll
0x00007ffcdce40000 - 0x00007ffcdce5b000 	C:\WINDOWS\SYSTEM32\VCRUNTIME140.dll
0x00007ffcee750000 - 0x00007ffcee7d0000 	C:\WINDOWS\System32\fwpuclnt.dll
0x00007ffcfbc40000 - 0x00007ffcfbc67000 	C:\WINDOWS\System32\bcrypt.dll
0x00007ffcf0000000 - 0x00007ffcf000a000 	C:\Windows\System32\rasadhlp.dll
0x00000000030e0000 - 0x00000000030e3000 	C:\Program Files\Java\jdk1.8.0_251\jre\bin\api-ms-win-core-console-l1-1-0.dll
0x0000000021f10000 - 0x0000000021f13000 	C:\Program Files\Java\jdk1.8.0_251\jre\bin\api-ms-win-core-datetime-l1-1-0.dll
0x0000000021f20000 - 0x0000000021f23000 	C:\Program Files\Java\jdk1.8.0_251\jre\bin\api-ms-win-core-debug-l1-1-0.dll
0x0000000021f30000 - 0x0000000021f33000 	C:\Program Files\Java\jdk1.8.0_251\jre\bin\api-ms-win-core-errorhandling-l1-1-0.dll
0x0000000021f40000 - 0x0000000021f44000 	C:\Program Files\Java\jdk1.8.0_251\jre\bin\api-ms-win-core-file-l1-1-0.dll
0x0000000021f50000 - 0x0000000021f53000 	C:\Program Files\Java\jdk1.8.0_251\jre\bin\api-ms-win-core-file-l1-2-0.dll
0x0000000021f60000 - 0x0000000021f63000 	C:\Program Files\Java\jdk1.8.0_251\jre\bin\api-ms-win-core-file-l2-1-0.dll
0x0000000021f70000 - 0x0000000021f73000 	C:\Program Files\Java\jdk1.8.0_251\jre\bin\api-ms-win-core-handle-l1-1-0.dll
0x0000000021f80000 - 0x0000000021f83000 	C:\Program Files\Java\jdk1.8.0_251\jre\bin\api-ms-win-core-heap-l1-1-0.dll
0x0000000021f90000 - 0x0000000021f93000 	C:\Program Files\Java\jdk1.8.0_251\jre\bin\api-ms-win-core-interlocked-l1-1-0.dll
0x0000000021fa0000 - 0x0000000021fa3000 	C:\Program Files\Java\jdk1.8.0_251\jre\bin\api-ms-win-core-libraryloader-l1-1-0.dll
0x0000000021fb0000 - 0x0000000021fb3000 	C:\Program Files\Java\jdk1.8.0_251\jre\bin\api-ms-win-core-localization-l1-2-0.dll
0x0000000021fc0000 - 0x0000000021fc3000 	C:\Program Files\Java\jdk1.8.0_251\jre\bin\api-ms-win-core-memory-l1-1-0.dll
0x0000000021fd0000 - 0x0000000021fd3000 	C:\Program Files\Java\jdk1.8.0_251\jre\bin\api-ms-win-core-namedpipe-l1-1-0.dll
0x0000000021fe0000 - 0x0000000021fe3000 	C:\Program Files\Java\jdk1.8.0_251\jre\bin\api-ms-win-core-processenvironment-l1-1-0.dll
0x0000000021ff0000 - 0x0000000021ff3000 	C:\Program Files\Java\jdk1.8.0_251\jre\bin\api-ms-win-core-processthreads-l1-1-0.dll
0x0000000022000000 - 0x0000000022003000 	C:\Program Files\Java\jdk1.8.0_251\jre\bin\api-ms-win-core-processthreads-l1-1-1.dll
0x0000000022010000 - 0x0000000022013000 	C:\Program Files\Java\jdk1.8.0_251\jre\bin\api-ms-win-core-profile-l1-1-0.dll
0x0000000022020000 - 0x0000000022023000 	C:\Program Files\Java\jdk1.8.0_251\jre\bin\api-ms-win-core-rtlsupport-l1-1-0.dll
0x0000000022030000 - 0x0000000022033000 	C:\Program Files\Java\jdk1.8.0_251\jre\bin\api-ms-win-core-string-l1-1-0.dll
0x0000000022040000 - 0x0000000022043000 	C:\Program Files\Java\jdk1.8.0_251\jre\bin\api-ms-win-core-synch-l1-1-0.dll
0x0000000022050000 - 0x0000000022053000 	C:\Program Files\Java\jdk1.8.0_251\jre\bin\api-ms-win-core-synch-l1-2-0.dll
0x0000000022060000 - 0x0000000022063000 	C:\Program Files\Java\jdk1.8.0_251\jre\bin\api-ms-win-core-sysinfo-l1-1-0.dll
0x0000000022070000 - 0x0000000022073000 	C:\Program Files\Java\jdk1.8.0_251\jre\bin\api-ms-win-core-timezone-l1-1-0.dll
0x0000000022080000 - 0x0000000022083000 	C:\Program Files\Java\jdk1.8.0_251\jre\bin\api-ms-win-core-util-l1-1-0.dll
0x0000000022090000 - 0x0000000022093000 	C:\Program Files\Java\jdk1.8.0_251\jre\bin\api-ms-win-crt-conio-l1-1-0.dll
0x00000000220a0000 - 0x00000000220a4000 	C:\Program Files\Java\jdk1.8.0_251\jre\bin\api-ms-win-crt-convert-l1-1-0.dll
0x00000000220b0000 - 0x00000000220b3000 	C:\Program Files\Java\jdk1.8.0_251\jre\bin\api-ms-win-crt-environment-l1-1-0.dll
0x00000000220c0000 - 0x00000000220c3000 	C:\Program Files\Java\jdk1.8.0_251\jre\bin\api-ms-win-crt-filesystem-l1-1-0.dll
0x00000000220d0000 - 0x00000000220d3000 	C:\Program Files\Java\jdk1.8.0_251\jre\bin\api-ms-win-crt-heap-l1-1-0.dll
0x00000000220e0000 - 0x00000000220e3000 	C:\Program Files\Java\jdk1.8.0_251\jre\bin\api-ms-win-crt-locale-l1-1-0.dll
0x00000000220f0000 - 0x00000000220f5000 	C:\Program Files\Java\jdk1.8.0_251\jre\bin\api-ms-win-crt-math-l1-1-0.dll
0x0000000022100000 - 0x0000000022105000 	C:\Program Files\Java\jdk1.8.0_251\jre\bin\api-ms-win-crt-multibyte-l1-1-0.dll
0x0000000022110000 - 0x0000000022120000 	C:\Program Files\Java\jdk1.8.0_251\jre\bin\api-ms-win-crt-private-l1-1-0.dll
0x0000000022120000 - 0x0000000022123000 	C:\Program Files\Java\jdk1.8.0_251\jre\bin\api-ms-win-crt-process-l1-1-0.dll
0x0000000022130000 - 0x0000000022134000 	C:\Program Files\Java\jdk1.8.0_251\jre\bin\api-ms-win-crt-runtime-l1-1-0.dll
0x0000000022140000 - 0x0000000022144000 	C:\Program Files\Java\jdk1.8.0_251\jre\bin\api-ms-win-crt-stdio-l1-1-0.dll
0x0000000022150000 - 0x0000000022154000 	C:\Program Files\Java\jdk1.8.0_251\jre\bin\api-ms-win-crt-string-l1-1-0.dll
0x0000000022160000 - 0x0000000022163000 	C:\Program Files\Java\jdk1.8.0_251\jre\bin\api-ms-win-crt-time-l1-1-0.dll
0x0000000022170000 - 0x0000000022173000 	C:\Program Files\Java\jdk1.8.0_251\jre\bin\api-ms-win-crt-utility-l1-1-0.dll
0x00007ffcbde30000 - 0x00007ffcbdf2c000 	C:\Program Files\Java\jdk1.8.0_251\jre\bin\ucrtbase.dll
0x00007ffcf3560000 - 0x00007ffcf3575000 	C:\Program Files\Java\jdk1.8.0_251\jre\bin\vcruntime140.dll
0x00007ffcbe7f0000 - 0x00007ffcbe88b000 	C:\Program Files\Java\jdk1.8.0_251\jre\bin\msvcp140.dll
0x00007ffcdcbe0000 - 0x00007ffcdcc31000 	C:\Program Files\Java\jdk1.8.0_251\jre\bin\concrt140.dll
0x00007ffcee720000 - 0x00007ffcee743000 	C:\Program Files\Java\jdk1.8.0_251\jre\bin\prism_d3d.dll
0x00007ffce67b0000 - 0x00007ffce697f000 	C:\WINDOWS\system32\d3d9.dll
0x00007ffcfa490000 - 0x00007ffcfa4a2000 	C:\WINDOWS\SYSTEM32\kernel.appcore.dll
0x00007ffcf9480000 - 0x00007ffcf94af000 	C:\WINDOWS\SYSTEM32\dwmapi.dll
0x00007ffcf9290000 - 0x00007ffcf932e000 	C:\WINDOWS\system32\uxtheme.dll
0x00007ffcbdc60000 - 0x00007ffcbde21000 	C:\WINDOWS\System32\DriverStore\FileRepository\iigd_dch.inf_amd64_9060c624376479b7\igdumdim64.dll
0x00007ffcefc40000 - 0x00007ffcefd5a000 	C:\WINDOWS\System32\DriverStore\FileRepository\iigd_dch.inf_amd64_9060c624376479b7\igdgmm64.dll
0x00007ffc816f0000 - 0x00007ffc85072000 	C:\WINDOWS\System32\DriverStore\FileRepository\iigd_dch.inf_amd64_9060c624376479b7\igd9dxva64.dll
0x00007ffcfde90000 - 0x00007ffcfdfba000 	C:\WINDOWS\System32\OLE32.dll
0x00007ffcfcc00000 - 0x00007ffcfcccd000 	C:\WINDOWS\System32\OLEAUT32.dll
0x00007ffcc5e40000 - 0x00007ffcc5e85000 	C:\Program Files\Java\jdk1.8.0_251\jre\bin\glass.dll
0x00007ffcfc590000 - 0x00007ffcfc66a000 	C:\WINDOWS\System32\COMDLG32.dll
0x00007ffcfdd70000 - 0x00007ffcfde85000 	C:\WINDOWS\System32\MSCTF.dll
0x00007ffcfc4b0000 - 0x00007ffcfc532000 	C:\WINDOWS\System32\bcryptPrimitives.dll
0x00007ffcf3580000 - 0x00007ffcf35a1000 	C:\WINDOWS\System32\DriverStore\FileRepository\iigd_dch.inf_amd64_9060c624376479b7\igdinfo64.dll
0x00007ffceb040000 - 0x00007ffced005000 	C:\WINDOWS\System32\DriverStore\FileRepository\iigd_dch.inf_amd64_9060c624376479b7\igc64.dll
0x00007ffcf1ab0000 - 0x00007ffcf1aeb000 	C:\WINDOWS\SYSTEM32\dxcore.dll
0x00007ffcfc540000 - 0x00007ffcfc58e000 	C:\WINDOWS\System32\cfgmgr32.dll
0x00007ffcf0660000 - 0x00007ffcf0674000 	C:\Program Files\Java\jdk1.8.0_251\jre\bin\javafx_font.dll
0x00007ffce1950000 - 0x00007ffce1bcf000 	C:\WINDOWS\SYSTEM32\dwrite.dll
0x00007ffcfc670000 - 0x00007ffcfc71f000 	C:\WINDOWS\System32\clbcatq.dll
0x00007ffcf42a0000 - 0x00007ffcf4454000 	C:\WINDOWS\SYSTEM32\WindowsCodecs.dll
0x00007ffcb3ef0000 - 0x00007ffcb3f2e000 	C:\WINDOWS\system32\dataexchange.dll
0x00007ffcf73f0000 - 0x00007ffcf7653000 	C:\WINDOWS\system32\d3d11.dll
0x00007ffcf8430000 - 0x00007ffcf8613000 	C:\WINDOWS\system32\dcomp.dll
0x00007ffcfa500000 - 0x00007ffcfa5f3000 	C:\WINDOWS\system32\dxgi.dll
0x00007ffcf4650000 - 0x00007ffcf4850000 	C:\WINDOWS\system32\twinapi.appcore.dll
0x00007ffcee670000 - 0x00007ffcee6a4000 	C:\Program Files\Common Files\Microsoft Shared\Ink\rtscom.dll

VM Arguments:
jvm_args: -agentlib:jdwp=transport=dt_socket,suspend=y,address=localhost:59966 -javaagent:C:\Users\Jaafar Ben\eclipse\java-2020-03\eclipse\configuration\org.eclipse.osgi\223\0\.cp\lib\javaagent-shaded.jar -Dfile.encoding=Cp1256 
java_command: gui_space_wire.Main
java_class_path (initial): E:\ubo_etudes\projet_space_wire\workspace\bin;C:\Program Files\Java\jdk1.8.0_251\jre\lib\jfxswt.jar;C:\Program Files\Java\jdk1.8.0_251\jre\lib\ext\jfxrt.jar;D:\Downloads\poi-bin-5.2.3-20220909\poi-bin-5.2.3\poi-5.2.3.jar;D:\Downloads\poi-bin-5.2.3-20220909\poi-bin-5.2.3\poi-examples-5.2.3.jar;D:\Downloads\poi-bin-5.2.3-20220909\poi-bin-5.2.3\poi-excelant-5.2.3.jar;D:\Downloads\poi-bin-5.2.3-20220909\poi-bin-5.2.3\poi-javadoc-5.2.3.jar;D:\Downloads\poi-bin-5.2.3-20220909\poi-bin-5.2.3\poi-ooxml-5.2.3.jar;D:\Downloads\poi-bin-5.2.3-20220909\poi-bin-5.2.3\poi-ooxml-full-5.2.3.jar;D:\Downloads\poi-bin-5.2.3-20220909\poi-bin-5.2.3\poi-ooxml-lite-5.2.3.jar;D:\Downloads\poi-bin-5.2.3-20220909\poi-bin-5.2.3\poi-scratchpad-5.2.3.jar;D:\Downloads\poi-bin-5.2.3-20220909\poi-bin-5.2.3\ooxml-lib\commons-compress-1.21.jar;D:\Downloads\poi-bin-5.2.3-20220909\poi-bin-5.2.3\ooxml-lib\commons-logging-1.2.jar;D:\Downloads\poi-bin-5.2.3-20220909\poi-bin-5.2.3\ooxml-lib\curvesapi-1.07.jar;D:\Downloads\poi-bin-5.2.3-20220909\poi-bin-5.2.3\ooxml-lib\jakarta.activation-2.0.1.jar;D:\Downloads\poi-bin-5.2.3-20220909\poi-bin-5.2.3\ooxml-lib\jakarta.xml.bind-api-3.0.1.jar;D:\Downloads\poi-bin-5.2.3-20220909\poi-bin-5.2.3\ooxml-lib\slf4j-api-1.7.36.jar;D:\Downloads\poi-bin-5.2.3-20220909\poi-bin-5.2.3\ooxml-lib\xmlbeans-5.1.1.jar;D:\Downloads\poi-bin-5.2.3-20220909\poi-bin-5.2.3\lib\commons-codec-1.15.jar;D:\Downloads\poi-bin-5.2.3-20220909\poi-bin-5.2.3\lib\commons-collections4-4.4.jar;D:\Downloads\poi-bin-5.2.3-20220909\poi-bin-5.2.3\lib\commons-io-2.11.0.jar;D:\Downloads\poi-bin-5.2.3-20220909\poi-bin-5.2.3\lib\commons-math3-3.6.1.jar;D:\Downloads\poi-bin-5.2.3-20220909\poi-bin-5.2.3\lib\SparseBitSet-1.2.jar;D:\Downloads\poi-bin-5.2.3-20220909\poi-bin-5.2.3\auxiliary\batik-anim-1.14.jar;D:\Downloads\poi-bin-5.2.3-20220909\poi-bin-5.2.3\auxiliary\batik-awt-util-1.14.jar;D:\Downloads\poi-bin-5.2.3-20220909\poi-bin-5.2.3\auxiliary\batik-bridge-1.14.jar;D:\Downloads\
Launcher Type: SUN_STANDARD

Environment Variables:
JAVA_HOME=C:\Program Files\Java\jdk1.8.0_251
USERNAME=Jaafar Ben
OS=Windows_NT
PROCESSOR_IDENTIFIER=Intel64 Family 6 Model 158 Stepping 10, GenuineIntel



---------------  S Y S T E M  ---------------

OS: Windows 10.0 , 64 bit Build 19041 (10.0.19041.1889)

CPU:total 12 (initial active 12) (6 cores per cpu, 2 threads per core) family 6 model 158 stepping 10, cmov, cx8, fxsr, mmx, sse, sse2, sse3, ssse3, sse4.1, sse4.2, popcnt, avx, avx2, aes, clmul, erms, 3dnowpref, lzcnt, ht, tsc, tscinvbit, bmi1, bmi2, adx

Memory: 4k page, physical 16624404k(1267560k free), swap 66956052k(2092k free)

vm_info: Java HotSpot(TM) 64-Bit Server VM (25.251-b08) for windows-amd64 JRE (1.8.0_251-b08), built on Mar 12 2020 06:31:49 by "" with MS VC++ 10.0 (VS2010)

time: Sun Nov 06 21:30:01 2022
timezone: Morocco Daylight Time
elapsed time: 5 seconds (0d 0h 0m 5s)

