JvmtiExport can_access_local_variables 1
JvmtiExport can_hotswap_or_post_breakpoint 1
JvmtiExport can_post_on_exceptions 1
# 147 ciObject found
ciMethod java/lang/Object <init> ()V 4097 1 62610 0 96
ciMethod java/lang/String equals (Ljava/lang/Object;)Z 3073 30289 21925 0 -1
ciMethod java/lang/System arraycopy (Ljava/lang/Object;ILjava/lang/Object;II)V 92161 1 11520 0 -1
ciMethod java/lang/Integer intValue ()I 1657 1 207 0 -1
ciMethod java/lang/Math max (II)I 4097 1 115585 0 -1
ciMethodData java/lang/Object <init> ()V 2 62610 orig 264 168 227 238 93 0 0 0 0 128 4 27 28 0 0 0 0 32 1 0 0 0 0 0 0 0 0 0 0 0 0 0 0 0 0 0 0 0 0 0 0 0 0 0 0 0 0 0 0 0 0 0 0 0 0 0 0 0 0 0 0 0 0 0 0 0 0 0 0 0 0 0 0 0 0 0 0 0 0 0 0 77 68 79 32 101 120 116 114 97 32 100 97 116 97 32 108 111 99 107 0 0 0 0 0 0 0 0 0 0 0 0 0 0 0 0 0 0 0 0 0 0 0 0 0 0 0 0 0 0 0 0 0 0 0 0 0 0 0 0 0 0 0 0 0 0 0 0 0 0 0 0 0 0 0 0 0 0 0 0 0 0 0 0 0 0 0 0 0 0 0 0 0 0 0 0 0 0 0 0 0 0 0 0 0 0 0 0 0 0 0 0 0 0 0 0 0 0 0 0 0 0 0 0 0 0 0 0 0 0 0 0 0 0 0 0 0 0 2 0 0 145 148 7 0 1 0 0 0 0 0 0 0 0 0 0 0 2 0 0 0 0 0 0 0 0 0 0 0 0 0 0 0 255 255 255 255 0 0 0 0 0 0 0 0 data 0 oops 0
ciMethod org/eclipse/jdt/launching/internal/org/objectweb/asm/MethodWriter visitFrame (II[Ljava/lang/Object;I[Ljava/lang/Object;)V 4097 3265 6660 0 -1
ciMethod org/eclipse/jdt/launching/internal/org/objectweb/asm/MethodWriter visitFrameStart (III)I 0 0 1 0 -1
ciMethod org/eclipse/jdt/launching/internal/org/objectweb/asm/MethodWriter visitFrameEnd ()V 0 0 1 0 -1
ciMethod org/eclipse/jdt/launching/internal/org/objectweb/asm/MethodWriter putFrameType (Ljava/lang/Object;)V 4097 1 7263 0 1920
ciMethod org/eclipse/jdt/launching/internal/org/objectweb/asm/SymbolTable getMajorVersion ()I 2649 1 331 0 0
ciMethod org/eclipse/jdt/launching/internal/org/objectweb/asm/SymbolTable get (I)Lorg/eclipse/jdt/launching/internal/org/objectweb/asm/SymbolTable$Entry; 2065 1 36951 0 -1
ciMethod org/eclipse/jdt/launching/internal/org/objectweb/asm/SymbolTable put (Lorg/eclipse/jdt/launching/internal/org/objectweb/asm/SymbolTable$Entry;)Lorg/eclipse/jdt/launching/internal/org/objectweb/asm/SymbolTable$Entry; 3697 1 6590 0 -1
ciMethod org/eclipse/jdt/launching/internal/org/objectweb/asm/SymbolTable addConstantClass (Ljava/lang/String;)Lorg/eclipse/jdt/launching/internal/org/objectweb/asm/Symbol; 4097 1 8754 0 0
ciMethod org/eclipse/jdt/launching/internal/org/objectweb/asm/SymbolTable addConstantUtf8 (Ljava/lang/String;)I 3321 929 19855 0 -1
ciMethod org/eclipse/jdt/launching/internal/org/objectweb/asm/SymbolTable addConstantUtf8Reference (ILjava/lang/String;)Lorg/eclipse/jdt/launching/internal/org/objectweb/asm/Symbol; 2249 617 6262 0 3808
ciMethod org/eclipse/jdt/launching/internal/org/objectweb/asm/SymbolTable hash (ILjava/lang/String;)I 3513 1 26093 0 -1
ciMethod org/eclipse/jdt/launching/internal/org/objectweb/asm/SymbolTable$Entry <init> (IILjava/lang/String;I)V 2785 1 9802 0 -1
ciMethod org/eclipse/jdt/launching/internal/org/objectweb/asm/ByteVector <init> ()V 1073 1 8538 0 0
ciMethod org/eclipse/jdt/launching/internal/org/objectweb/asm/ByteVector putByte (I)Lorg/eclipse/jdt/launching/internal/org/objectweb/asm/ByteVector; 3489 1 5797 0 320
ciMethod org/eclipse/jdt/launching/internal/org/objectweb/asm/ByteVector putShort (I)Lorg/eclipse/jdt/launching/internal/org/objectweb/asm/ByteVector; 4097 1 6154 0 384
ciMethod org/eclipse/jdt/launching/internal/org/objectweb/asm/ByteVector put12 (II)Lorg/eclipse/jdt/launching/internal/org/objectweb/asm/ByteVector; 2161 1 5390 0 -1
ciMethod org/eclipse/jdt/launching/internal/org/objectweb/asm/ByteVector enlarge (I)V 169 1 3356 0 0
ciMethod org/eclipse/jdt/launching/internal/org/objectweb/asm/Frame setInputFrameFromApiFormat (Lorg/eclipse/jdt/launching/internal/org/objectweb/asm/SymbolTable;I[Ljava/lang/Object;I[Ljava/lang/Object;)V 0 0 1 0 -1
ciMethod org/eclipse/jdt/launching/internal/org/objectweb/asm/Frame accept (Lorg/eclipse/jdt/launching/internal/org/objectweb/asm/MethodWriter;)V 0 0 1 0 -1
ciMethod org/eclipse/jdt/launching/internal/org/objectweb/asm/Type getArgumentsAndReturnSizes (Ljava/lang/String;)I 105 65 498 0 -1
ciMethodData org/eclipse/jdt/launching/internal/org/objectweb/asm/ByteVector putShort (I)Lorg/eclipse/jdt/launching/internal/org/objectweb/asm/ByteVector; 2 6154 orig 264 168 227 238 93 0 0 0 0 168 21 96 28 0 0 0 0 88 1 0 0 0 0 0 0 0 0 0 0 0 0 0 0 0 0 0 0 0 0 0 0 0 0 0 0 0 0 0 0 0 0 0 0 0 0 0 0 0 0 0 0 0 0 0 0 0 0 0 0 0 0 0 0 0 0 0 0 0 0 0 0 77 68 79 32 101 120 116 114 97 32 100 97 116 97 32 108 111 99 107 0 0 0 0 0 0 0 0 0 0 0 0 0 0 0 0 0 0 0 0 0 0 0 0 0 0 0 0 0 0 0 0 0 0 0 0 0 0 0 0 0 0 0 0 0 0 0 0 0 0 0 0 0 0 0 0 0 0 0 0 0 0 0 0 0 0 0 0 0 0 0 0 0 0 0 0 0 0 0 0 0 0 0 0 0 0 0 0 0 0 0 0 0 0 0 0 0 0 0 0 0 0 0 0 0 0 0 0 0 0 0 0 0 0 0 0 0 0 2 0 0 81 176 0 0 1 0 0 0 0 0 0 0 0 0 0 0 2 0 0 0 0 0 6 0 2 0 0 0 48 0 0 0 255 255 255 255 7 0 13 0 0 0 0 0 data 6 0xd0007 0x15e8 0x30 0x22 0x120002 0x22 oops 0
ciMethodData org/eclipse/jdt/launching/internal/org/objectweb/asm/ByteVector putByte (I)Lorg/eclipse/jdt/launching/internal/org/objectweb/asm/ByteVector; 2 5797 orig 264 168 227 238 93 0 0 0 0 160 19 96 28 0 0 0 0 88 1 0 0 0 0 0 0 0 0 0 0 0 0 0 0 0 0 0 0 0 0 0 0 0 0 0 0 0 0 0 0 0 0 0 0 0 0 0 0 0 0 0 0 0 0 0 0 0 0 0 0 0 0 0 0 0 0 0 0 0 0 0 0 77 68 79 32 101 120 116 114 97 32 100 97 116 97 32 108 111 99 107 0 0 0 0 0 0 0 0 0 0 0 0 0 0 0 0 0 0 0 0 0 0 0 0 0 0 0 0 0 0 0 0 0 0 0 0 0 0 0 0 0 0 0 0 0 0 0 0 0 0 0 0 0 0 0 0 0 0 0 0 0 0 0 0 0 0 0 0 0 0 0 0 0 0 0 0 0 0 0 0 0 0 0 0 0 0 0 0 0 0 0 0 0 0 0 0 0 0 0 0 0 0 0 0 0 0 0 0 0 0 0 0 0 0 0 0 0 180 1 0 0 137 167 0 0 1 0 0 0 0 0 0 0 0 0 0 0 2 0 0 0 0 0 6 0 2 0 0 0 48 0 0 0 255 255 255 255 7 0 13 0 0 0 0 0 data 6 0xd0007 0x14ca 0x30 0x27 0x120002 0x27 oops 0
ciMethodData org/eclipse/jdt/launching/internal/org/objectweb/asm/SymbolTable addConstantClass (Ljava/lang/String;)Lorg/eclipse/jdt/launching/internal/org/objectweb/asm/Symbol; 2 8771 orig 264 168 227 238 93 0 0 0 0 240 192 95 28 0 0 0 0 56 1 0 0 0 0 0 0 0 0 0 0 0 0 0 0 0 0 0 0 0 0 0 0 0 0 0 0 0 0 0 0 0 0 0 0 0 0 0 0 0 0 0 0 0 0 0 0 0 0 0 0 0 0 0 0 0 0 0 0 0 0 0 0 77 68 79 32 101 120 116 114 97 32 100 97 116 97 32 108 111 99 107 0 0 0 0 0 0 0 0 0 0 0 0 0 0 0 0 0 0 0 0 0 0 0 0 0 0 0 0 0 0 0 0 0 0 0 0 0 0 0 0 0 0 0 0 0 0 0 0 0 0 0 0 0 0 0 0 0 0 0 0 0 0 0 0 0 0 0 0 0 0 0 0 0 0 0 0 0 0 0 0 0 0 0 0 0 0 0 0 0 0 0 0 0 0 0 0 0 0 0 0 0 0 0 0 0 0 0 0 0 0 0 0 0 0 0 0 0 0 2 0 0 25 2 1 0 1 0 0 0 0 0 0 0 0 0 0 0 2 0 0 0 0 0 3 0 2 0 0 0 16 0 0 0 255 255 255 255 2 0 4 0 0 0 0 0 data 2 0x40002 0x2043 oops 0
ciMethodData org/eclipse/jdt/launching/internal/org/objectweb/asm/ByteVector <init> ()V 2 8538 orig 264 168 227 238 93 0 0 0 0 72 17 96 28 0 0 0 0 48 1 0 0 0 0 0 0 0 0 0 0 0 0 0 0 0 0 0 0 0 0 0 0 0 0 0 0 0 0 0 0 0 0 0 0 0 0 0 0 0 0 0 0 0 0 0 0 0 0 0 0 0 0 0 0 0 0 0 0 0 0 0 0 77 68 79 32 101 120 116 114 97 32 100 97 116 97 32 108 111 99 107 0 0 0 0 0 0 0 0 0 0 0 0 0 0 0 0 0 0 0 0 0 0 0 0 0 0 0 0 0 0 0 0 0 0 0 0 0 0 0 0 0 0 0 0 0 0 0 0 0 0 0 0 0 0 0 0 0 0 0 0 0 0 0 0 0 0 0 0 0 0 0 0 0 0 0 0 0 0 0 0 0 0 0 0 0 0 0 0 0 0 0 0 0 0 0 0 0 0 0 0 0 0 0 0 0 0 0 0 0 0 0 0 0 0 0 0 0 134 0 0 0 161 6 1 0 1 0 0 0 0 0 0 0 0 0 0 0 2 0 0 0 0 0 3 0 2 0 0 0 16 0 0 0 255 255 255 255 2 0 1 0 0 0 0 0 data 2 0x10002 0x20d4 oops 0
ciMethodData org/eclipse/jdt/launching/internal/org/objectweb/asm/MethodWriter visitFrame (II[Ljava/lang/Object;I[Ljava/lang/Object;)V 2 8442 orig 264 168 227 238 93 0 0 0 0 192 239 93 28 0 0 0 0 144 11 0 0 216 9 0 0 0 0 0 0 0 0 0 0 0 0 0 0 0 0 0 0 0 0 0 0 0 0 0 0 0 0 0 0 0 0 0 0 0 0 0 0 0 0 0 0 0 0 0 0 0 0 0 0 0 0 0 0 0 0 0 0 77 68 79 32 101 120 116 114 97 32 100 97 116 97 32 108 111 99 107 0 0 0 0 0 0 0 0 0 0 0 0 0 0 0 0 0 0 0 0 0 0 0 0 0 0 0 0 0 0 0 0 0 0 0 0 0 0 0 0 0 0 0 0 0 0 0 0 0 0 0 0 0 0 0 0 0 0 0 0 0 0 0 0 0 0 0 0 0 0 0 0 0 0 0 0 0 0 0 0 0 0 0 0 0 0 0 0 0 0 0 0 0 0 0 0 0 0 0 0 0 0 0 0 0 0 0 0 0 0 0 0 0 0 0 0 0 0 2 0 0 33 192 0 0 17 251 0 0 0 0 0 0 0 0 0 0 2 0 0 0 6 0 76 0 2 0 0 0 24 10 0 0 255 255 255 255 7 0 5 0 0 0 0 0 data 323 0x50007 0x1804 0x20 0x0 0xe0007 0x1804 0x160 0x0 0x180007 0x0 0xa8 0x0 0x270002 0x0 0x410005 0x0 0x0 0x0 0x0 0x0 0x4c0005 0x0 0x0 0x0 0x0 0x0 0x4f0003 0x0 0x870 0x540007 0x0 0x50 0x0 0x680005 0x0 0x0 0x0 0x0 0x0 0x730005 0x0 0x0 0x0 0x0 0x0 0x760003 0x0 0x7d8 0x7b0007 0x1804 0x1d8 0x0 0x820007 0x0 0xb0 0x0 0x890002 0x0 0x980002 0x0 0x9b0002 0x0 0xb00005 0x0 0x0 0x0 0x0 0x0 0xb60005 0x0 0x0 0x0 0x0 0x0 0xc90005 0x0 0x0 0x0 0x0 0x0 0xd40007 0x0 0x48 0x0 0xe80002 0x0 0xef0003 0x0 0xffffffffffffffd0 0xf90007 0x0 0x48 0x0 0x10e0002 0x0 0x1150003 0x0 0xffffffffffffffd0 0x1190005 0x0 0x0 0x0 0x0 0x0 0x11c0003 0x0 0x600 0x1230005 0xc9 0x203bdeb0 0x173b 0x0 0x0 0x1280007 0x1804 0x30 0x0 0x1320002 0x0 0x13a0007 0x120f 0x48 0x5f5 0x1420002 0x5f5 0x1510003 0x5f5 0x68 0x1660007 0x120f 0x50 0x0 0x16b0007 0x0 0x20 0x0 0x1730002 0x0 0x1780008 0xc 0x0 0x4e0 0x11 0x70 0x21 0x1d8 0x8 0x298 0x6d 0x310 0x22 0x3f0 0x1a80005 0x0 0x203bdf60 0x253 0x0 0x0 0x1ad0005 0x0 0x203bdf60 0x253 0x0 0x0 0x1b10005 0x0 0x203bdf60 0x253 0x0 0x0 0x1bb0007 0x253 0x48 0x1784 0x1c30002 0x1784 0x1c90003 0x1784 0xffffffffffffffd0 0x1d20005 0x0 0x203bdf60 0x253 0x0 0x0 0x1dd0007 0x253 0x48 0x24d 0x1e60002 0x24d 0x1ec0003 0x24d 0xffffffffffffffd0 0x1ef0003 0x253 0x330 0x2050005 0x0 0x203bdf60 0x3bc 0x0 0x0 0x20a0005 0x0 0x203bdf60 0x3bc 0x0 0x0 0x2140007 0x3bc 0x48 0x590 0x21c0002 0x590 0x2220003 0x590 0xffffffffffffffd0 0x2250003 0x3bc 0x270 0x23b0005 0x0 0x203bdf60 0x195 0x0 0x0 0x2400005 0x0 0x203bdf60 0x195 0x0 0x0 0x2440003 0x195 0x1f8 0x24b0007 0x85 0x68 0xd25 0x2540005 0x0 0x203bdf60 0xd25 0x0 0x0 0x2580003 0xd25 0x190 0x2620005 0x0 0x203bdf60 0x85 0x0 0x0 0x2670005 0x0 0x203bdf60 0x85 0x0 0x0 0x26b0003 0x85 0x118 0x2720007 0x7 0x68 0x2af 0x27e0005 0x0 0x203bdf60 0x2af 0x0 0x0 0x2820003 0x2af 0x78 0x28c0005 0x0 0x203bdf60 0x7 0x0 0x0 0x2910005 0x0 0x203bdf60 0x7 0x0 0x0 0x29a0002 0x2b6 0x29d0003 0x2b6 0x28 0x2a40002 0x0 0x2c20007 0x1804 0xb8 0x0 0x2d20007 0x0 0x78 0x0 0x2dd0007 0x0 0x40 0x0 0x2e80007 0x0 0x20 0x0 0x2f80003 0x0 0xffffffffffffffa0 0x3030007 0x0 0x20 0x0 0x3150002 0x1804 0x3240002 0x1804 oops 15